###############################################################
#  Generated by:      Cadence Innovus 21.15-s110_1
#  OS:                Linux x86_64(Host ID ece3)
#  Generated on:      Mon Oct 21 14:17:29 2024
#  Design:            cordic_pipeline
#  Command:           checkDesign -io -netlist -physicalLibrary -powerGround -tieHilo -timingLibrary -spef -floorplan -place -outdir Cordic
###############################################################
Design: cordic_pipeline

------ Design Summary:
Total Standard Cell Number   (cells) : 4670
Total Block Cell Number      (cells) : 0
Total I/O Pad Cell Number    (cells) : 0
Total Standard Cell Area     ( um^2) : 58201.07
Total Block Cell Area        ( um^2) : 0.00
Total I/O Pad Cell Area      ( um^2) : 0.00

------ Design Statistics:

Number of Instances            : 4670
Number of Non-uniquified Insts : 4667
Number of Nets                 : 4947
Average number of Pins per Net : 3.24
Maximum number of Pins in Net  : 736

------ I/O Port summary

Number of Primary I/O Ports    : 82
Number of Input Ports          : 50
Number of Output Ports         : 32
Number of Bidirectional Ports  : 0
Number of Power/Ground Ports   : 0



------------------------------------------------------------
Detail report:


------ I/O Pad/Port Checking


------ Primitive Pins DRC Checking

**WARN: Instance 'x_reg[1][0]' has multiple input pins tied together to net 'n_3672'.
**WARN: Instance 'x_reg[2][0]' has multiple input pins tied together to net 'n_3670'.
**WARN: Instance 'x_reg[3][0]' has multiple input pins tied together to net 'n_3668'.
**WARN: Instance 'y_reg[1][0]' has multiple input pins tied together to net 'n_3680'.
**WARN: Instance 'y_reg[2][0]' has multiple input pins tied together to net 'n_3678'.
**WARN: Instance 'y_reg[3][0]' has multiple input pins tied together to net 'n_3676'.
**WARN: Instance 'y_reg[4][0]' has multiple input pins tied together to net 'n_3674'.
**WARN: Instance 'x_reg[4][0]' has multiple input pins tied together to net 'n_3666'.

------ Primitive Net DRC Check

WARNING : Net n_445 has no FanOut pin
WARNING : Net n_443 has no FanOut pin
WARNING : Net n_411 has no FanOut pin
WARNING : Net n_408 has no FanOut pin
WARNING : Net n_396 has no FanOut pin
WARNING : Net n_344 has no FanOut pin
WARNING : Net n_343 has no FanOut pin
WARNING : Net n_298 has no FanOut pin
WARNING : Net n_290 has no FanOut pin
WARNING : Net n_242 has no FanOut pin
WARNING : Net n_240 has no FanOut pin
WARNING : Net n_223 has no FanOut pin
WARNING : Net n_222 has no FanOut pin
WARNING : Net n_221 has no FanOut pin
WARNING : Net n_173 has no FanOut pin
WARNING : Net n_172 has no FanOut pin
WARNING : Net UNCONNECTED12 has no FanOut pin
WARNING : Net UNCONNECTED11 has no FanOut pin
WARNING : Net UNCONNECTED10 has no FanOut pin
WARNING : Net UNCONNECTED9 has no FanOut pin
WARNING : Net UNCONNECTED8 has no FanOut pin
WARNING : Net UNCONNECTED7 has no FanOut pin
WARNING : Net UNCONNECTED6 has no FanOut pin
WARNING : Net UNCONNECTED5 has no FanOut pin
WARNING : Net UNCONNECTED4 has no FanOut pin
WARNING : Net UNCONNECTED3 has no FanOut pin
WARNING : Net UNCONNECTED2 has no FanOut pin
WARNING : Net UNCONNECTED1 has no FanOut pin
WARNING : Net UNCONNECTED0 has no FanOut pin
WARNING : Net UNCONNECTED has no FanOut pin
WARNING : Net z[14][0] has no FanOut pin
WARNING : Net z[14][1] has no FanOut pin
WARNING : Net z[14][2] has no FanOut pin
WARNING : Net z[14][3] has no FanOut pin
WARNING : Net z[14][4] has no FanOut pin
WARNING : Net z[14][5] has no FanOut pin
WARNING : Net z[14][6] has no FanOut pin
WARNING : Net z[14][7] has no FanOut pin
WARNING : Net z[14][8] has no FanOut pin
WARNING : Net z[14][9] has no FanOut pin
WARNING : Net z[14][10] has no FanOut pin
WARNING : Net z[14][11] has no FanOut pin
WARNING : Net z[14][12] has no FanOut pin
WARNING : Net z[14][13] has no FanOut pin
WARNING : Net z[14][14] has no FanOut pin
WARNING : Net z[13][0] has no FanOut pin
WARNING : Net z[12][0] has no FanOut pin
WARNING : Net n_3271 has 75 fanout
WARNING : Net clk has 735 fanout
WARNING : Net FE_OFN6_n_3271 has 63 fanout
WARNING : Net FE_OFN10_n_3271 has 69 fanout
WARNING : Net FE_OFN17_n_3271 has 61 fanout
WARNING : Net FE_OFN19_n_3271 has 68 fanout

